<?xml version="1.0" encoding="UTF-8"?>
<!-- Generated by org.testng.reporters.JUnitReportReporter -->
<testsuite hostname="Administrators-MacBook-Pro.local" failures="0" tests="3" name="com.example.TestDemo" time="2.773" errors="0" timestamp="2024-07-04T21:20:09 IST" skipped="0">
  <testcase classname="com.example.TestDemo" name="verifyGetAPI" time="1.529"/>
  <testcase classname="com.example.TestDemo" name="verifyTestPostAPI" time="0.537"/>
  <testcase classname="com.example.TestDemo" name="verifyPostAPI" time="0.707"/>
</testsuite> <!-- com.example.TestDemo -->
